  vehicle.cpp
C:\Users\Owner\source\repos\vehicle\vehicle\vehicle.cpp(42,13): warning C4473: 'scanf_s' : not enough arguments passed for format string
C:\Users\Owner\source\repos\vehicle\vehicle\vehicle.cpp(42,13): message : placeholders and their parameters expect 2 variadic arguments, but 1 were provided
C:\Users\Owner\source\repos\vehicle\vehicle\vehicle.cpp(42,13): message : the missing variadic argument 2 is required by format string '%c'
C:\Users\Owner\source\repos\vehicle\vehicle\vehicle.cpp(42,13): message : this argument is used as a buffer size
C:\Users\Owner\source\repos\vehicle\vehicle\vehicle.cpp(112,13): warning C4473: 'scanf_s' : not enough arguments passed for format string
C:\Users\Owner\source\repos\vehicle\vehicle\vehicle.cpp(112,13): message : placeholders and their parameters expect 2 variadic arguments, but 1 were provided
C:\Users\Owner\source\repos\vehicle\vehicle\vehicle.cpp(112,13): message : the missing variadic argument 2 is required by format string '%c'
C:\Users\Owner\source\repos\vehicle\vehicle\vehicle.cpp(112,13): message : this argument is used as a buffer size
C:\Users\Owner\source\repos\vehicle\vehicle\vehicle.cpp(120,17): warning C4473: 'scanf_s' : not enough arguments passed for format string
C:\Users\Owner\source\repos\vehicle\vehicle\vehicle.cpp(120,17): message : placeholders and their parameters expect 2 variadic arguments, but 1 were provided
C:\Users\Owner\source\repos\vehicle\vehicle\vehicle.cpp(120,17): message : the missing variadic argument 2 is required by format string '%c'
C:\Users\Owner\source\repos\vehicle\vehicle\vehicle.cpp(120,17): message : this argument is used as a buffer size
C:\Users\Owner\source\repos\vehicle\vehicle\vehicle.cpp(145,28): warning C4244: '=': conversion from 'float' to 'int', possible loss of data
C:\Users\Owner\source\repos\vehicle\vehicle\vehicle.cpp(170,58): warning C4244: '=': conversion from 'float' to 'int', possible loss of data
C:\Users\Owner\source\repos\vehicle\vehicle\vehicle.cpp(174,62): warning C4244: '=': conversion from 'float' to 'int', possible loss of data
C:\Users\Owner\source\repos\vehicle\vehicle\vehicle.cpp(191,13): warning C4473: 'scanf_s' : not enough arguments passed for format string
C:\Users\Owner\source\repos\vehicle\vehicle\vehicle.cpp(191,13): message : placeholders and their parameters expect 2 variadic arguments, but 1 were provided
C:\Users\Owner\source\repos\vehicle\vehicle\vehicle.cpp(191,13): message : the missing variadic argument 2 is required by format string '%c'
C:\Users\Owner\source\repos\vehicle\vehicle\vehicle.cpp(191,13): message : this argument is used as a buffer size
  vehicle.vcxproj -> C:\Users\Owner\source\repos\vehicle\Debug\vehicle.exe
